--------------------------------------------------------------------------------
Release 14.7 Trace  (nt)
Copyright (c) 1995-2013 Xilinx, Inc.  All rights reserved.

C:\Xilinx\14.7\ISE_DS\ISE\bin\nt\unwrapped\trce.exe -intstyle ise -v 3 -s 3 -n
3 -fastpaths -xml top.twx top.ncd -o top.twr top.pcf -ucf top.ucf

Design file:              top.ncd
Physical constraint file: top.pcf
Device,package,speed:     xc6slx9,tqg144,C,-3 (PRODUCTION 1.23 2013-10-13)
Report level:             verbose report

Environment Variable      Effect 
--------------------      ------ 
NONE                      No environment variables were set
--------------------------------------------------------------------------------

INFO:Timing:2698 - No timing constraints found, doing default enumeration.
INFO:Timing:3412 - To improve timing, see the Timing Closure User Guide (UG612).
INFO:Timing:2752 - To get complete path coverage, use the unconstrained paths 
   option. All paths that are not constrained will be reported in the 
   unconstrained paths section(s) of the report.
INFO:Timing:3339 - The clock-to-out numbers in this timing report are based on 
   a 50 Ohm transmission line loading model.  For the details of this model, 
   and for more information on accounting for different loading conditions, 
   please see the device datasheet.



Data Sheet report:
-----------------
All values displayed in nanoseconds (ns)

Setup/Hold to clock clk_12mhz
------------+------------+------------+------------+------------+------------------+--------+
            |Max Setup to|  Process   |Max Hold to |  Process   |                  | Clock  |
Source      | clk (edge) |   Corner   | clk (edge) |   Corner   |Internal Clock(s) | Phase  |
------------+------------+------------+------------+------------+------------------+--------+
reset       |    4.603(R)|      SLOW  |   -1.565(R)|      FAST  |clk_12mhz_BUFGP   |   0.000|
------------+------------+------------+------------+------------+------------------+--------+

Clock to Setup on destination clock SLIDE_SW<0>
---------------+---------+---------+---------+---------+
               | Src:Rise| Src:Fall| Src:Rise| Src:Fall|
Source Clock   |Dest:Rise|Dest:Rise|Dest:Fall|Dest:Fall|
---------------+---------+---------+---------+---------+
SLIDE_SW<0>    |         |         |    0.330|    0.330|
---------------+---------+---------+---------+---------+

Clock to Setup on destination clock SLIDE_SW<1>
---------------+---------+---------+---------+---------+
               | Src:Rise| Src:Fall| Src:Rise| Src:Fall|
Source Clock   |Dest:Rise|Dest:Rise|Dest:Fall|Dest:Fall|
---------------+---------+---------+---------+---------+
SLIDE_SW<1>    |         |         |    0.917|    0.917|
---------------+---------+---------+---------+---------+

Clock to Setup on destination clock SLIDE_SW<2>
---------------+---------+---------+---------+---------+
               | Src:Rise| Src:Fall| Src:Rise| Src:Fall|
Source Clock   |Dest:Rise|Dest:Rise|Dest:Fall|Dest:Fall|
---------------+---------+---------+---------+---------+
SLIDE_SW<2>    |         |         |    0.719|    0.719|
---------------+---------+---------+---------+---------+

Clock to Setup on destination clock SLIDE_SW<3>
---------------+---------+---------+---------+---------+
               | Src:Rise| Src:Fall| Src:Rise| Src:Fall|
Source Clock   |Dest:Rise|Dest:Rise|Dest:Fall|Dest:Fall|
---------------+---------+---------+---------+---------+
SLIDE_SW<3>    |         |         |    0.207|    0.207|
---------------+---------+---------+---------+---------+

Clock to Setup on destination clock SLIDE_SW<4>
---------------+---------+---------+---------+---------+
               | Src:Rise| Src:Fall| Src:Rise| Src:Fall|
Source Clock   |Dest:Rise|Dest:Rise|Dest:Fall|Dest:Fall|
---------------+---------+---------+---------+---------+
SLIDE_SW<4>    |         |         |    0.809|    0.809|
---------------+---------+---------+---------+---------+

Clock to Setup on destination clock SLIDE_SW<5>
---------------+---------+---------+---------+---------+
               | Src:Rise| Src:Fall| Src:Rise| Src:Fall|
Source Clock   |Dest:Rise|Dest:Rise|Dest:Fall|Dest:Fall|
---------------+---------+---------+---------+---------+
SLIDE_SW<5>    |         |         |   -0.051|   -0.051|
---------------+---------+---------+---------+---------+

Clock to Setup on destination clock SLIDE_SW<6>
---------------+---------+---------+---------+---------+
               | Src:Rise| Src:Fall| Src:Rise| Src:Fall|
Source Clock   |Dest:Rise|Dest:Rise|Dest:Fall|Dest:Fall|
---------------+---------+---------+---------+---------+
SLIDE_SW<6>    |         |         |    0.329|    0.329|
---------------+---------+---------+---------+---------+

Clock to Setup on destination clock SLIDE_SW<7>
---------------+---------+---------+---------+---------+
               | Src:Rise| Src:Fall| Src:Rise| Src:Fall|
Source Clock   |Dest:Rise|Dest:Rise|Dest:Fall|Dest:Fall|
---------------+---------+---------+---------+---------+
SLIDE_SW<7>    |         |         |    0.339|    0.339|
---------------+---------+---------+---------+---------+

Clock to Setup on destination clock clk_12mhz
---------------+---------+---------+---------+---------+
               | Src:Rise| Src:Fall| Src:Rise| Src:Fall|
Source Clock   |Dest:Rise|Dest:Rise|Dest:Fall|Dest:Fall|
---------------+---------+---------+---------+---------+
clk_12mhz      |    3.933|         |         |         |
---------------+---------+---------+---------+---------+

Pad to Pad
---------------+---------------+---------+
Source Pad     |Destination Pad|  Delay  |
---------------+---------------+---------+
SLIDE_SW<0>    |LED<0>         |    7.277|
SLIDE_SW<1>    |LED<1>         |    6.684|
SLIDE_SW<2>    |LED<2>         |    6.435|
SLIDE_SW<3>    |LED<3>         |    5.337|
SLIDE_SW<4>    |LED<4>         |    6.347|
SLIDE_SW<5>    |LED<5>         |    6.462|
SLIDE_SW<6>    |LED<6>         |    6.814|
SLIDE_SW<7>    |LED<7>         |    7.488|
---------------+---------------+---------+


Analysis completed Wed Dec 11 22:09:40 2019 
--------------------------------------------------------------------------------

Trace Settings:
-------------------------
Trace Settings 

Peak Memory Usage: 171 MB



